<?xml version="1.0" encoding="UTF-8"?>
<coverage generated="1625779338830" clover="3.2.0">
  <project timestamp="1625779338830" name="All files">
    <metrics statements="4" coveredstatements="4" conditionals="0" coveredconditionals="0" methods="2" coveredmethods="2" elements="6" coveredelements="6" complexity="0" loc="4" ncloc="4" packages="1" files="2" classes="2"/>
    <file name="postModel.ts" path="/home/mateus/Desktop/Projetos/growth_tech_teste/growth_back/src/models/postModel.ts">
      <metrics statements="2" coveredstatements="2" conditionals="0" coveredconditionals="0" methods="1" coveredmethods="1"/>
      <line num="3" count="1" type="stmt"/>
      <line num="8" count="1" type="stmt"/>
    </file>
    <file name="userModel.ts" path="/home/mateus/Desktop/Projetos/growth_tech_teste/growth_back/src/models/userModel.ts">
      <metrics statements="2" coveredstatements="2" conditionals="0" coveredconditionals="0" methods="1" coveredmethods="1"/>
      <line num="3" count="1" type="stmt"/>
      <line num="8" count="1" type="stmt"/>
    </file>
  </project>
</coverage>
