{"/home/mateus/Desktop/Projetos/growth_tech_teste/growth_back/src/app.ts": {"path":"/home/mateus/Desktop/Projetos/growth_tech_teste/growth_back/src/app.ts","statementMap":{"0":{"start":{"line":1,"column":0},"end":{"line":1,"column":30}},"1":{"start":{"line":2,"column":0},"end":{"line":2,"column":24}},"2":{"start":{"line":3,"column":0},"end":{"line":3,"column":37}},"3":{"start":{"line":5,"column":12},"end":{"line":5,"column":21}},"4":{"start":{"line":6,"column":0},"end":{"line":6,"column":16}},"5":{"start":{"line":7,"column":0},"end":{"line":7,"column":24}},"6":{"start":{"line":8,"column":0},"end":{"line":8,"column":21}},"7":{"start":{"line":10,"column":0},"end":{"line":10,"column":19}}},"fnMap":{},"branchMap":{},"s":{"0":2,"1":2,"2":2,"3":2,"4":2,"5":2,"6":2,"7":2},"f":{},"b":{}}
,"/home/mateus/Desktop/Projetos/growth_tech_teste/growth_back/src/controllers/postController.ts": {"path":"/home/mateus/Desktop/Projetos/growth_tech_teste/growth_back/src/controllers/postController.ts","statementMap":{"0":{"start":{"line":2,"column":0},"end":{"line":2,"column":31}},"1":{"start":{"line":4,"column":23},"end":{"line":13,"column":2}},"2":{"start":{"line":6,"column":2},"end":{"line":11,"column":null}},"3":{"start":{"line":7,"column":20},"end":{"line":7,"column":85}},"4":{"start":{"line":8,"column":3},"end":{"line":8,"column":28}},"5":{"start":{"line":10,"column":3},"end":{"line":10,"column":23}},"6":{"start":{"line":15,"column":0},"end":{"line":15,"column":30}}},"fnMap":{"0":{"name":"(anonymous_1)","decl":{"start":{"line":5,"column":1},"end":{"line":5,"column":6}},"loc":{"start":{"line":5,"column":46},"end":{"line":12,"column":2}}}},"branchMap":{},"s":{"0":2,"1":2,"2":1,"3":1,"4":1,"5":0,"6":2},"f":{"0":1},"b":{}}
,"/home/mateus/Desktop/Projetos/growth_tech_teste/growth_back/src/controllers/userController.ts": {"path":"/home/mateus/Desktop/Projetos/growth_tech_teste/growth_back/src/controllers/userController.ts","statementMap":{"0":{"start":{"line":2,"column":0},"end":{"line":2,"column":31}},"1":{"start":{"line":4,"column":23},"end":{"line":13,"column":2}},"2":{"start":{"line":6,"column":2},"end":{"line":11,"column":null}},"3":{"start":{"line":7,"column":20},"end":{"line":7,"column":85}},"4":{"start":{"line":8,"column":3},"end":{"line":8,"column":28}},"5":{"start":{"line":10,"column":3},"end":{"line":10,"column":23}},"6":{"start":{"line":15,"column":0},"end":{"line":15,"column":30}}},"fnMap":{"0":{"name":"(anonymous_1)","decl":{"start":{"line":5,"column":1},"end":{"line":5,"column":6}},"loc":{"start":{"line":5,"column":46},"end":{"line":12,"column":2}}}},"branchMap":{},"s":{"0":2,"1":2,"2":1,"3":1,"4":1,"5":0,"6":2},"f":{"0":1},"b":{}}
,"/home/mateus/Desktop/Projetos/growth_tech_teste/growth_back/src/models/userModel.ts": {"path":"/home/mateus/Desktop/Projetos/growth_tech_teste/growth_back/src/models/userModel.ts","statementMap":{"0":{"start":{"line":8,"column":2},"end":{"line":8,"column":20}},"1":{"start":{"line":3,"column":0},"end":{"line":3,"column":13}}},"fnMap":{"0":{"name":"(anonymous_0)","decl":{"start":{"line":7,"column":1},"end":{"line":7,"column":13}},"loc":{"start":{"line":7,"column":32},"end":{"line":9,"column":2}}}},"branchMap":{},"s":{"0":1,"1":1},"f":{"0":1},"b":{}}
,"/home/mateus/Desktop/Projetos/growth_tech_teste/growth_back/src/routes/router.ts": {"path":"/home/mateus/Desktop/Projetos/growth_tech_teste/growth_back/src/routes/router.ts","statementMap":{"0":{"start":{"line":1,"column":0},"end":{"line":1,"column":30}},"1":{"start":{"line":2,"column":0},"end":{"line":2,"column":59}},"2":{"start":{"line":3,"column":0},"end":{"line":3,"column":59}},"3":{"start":{"line":4,"column":15},"end":{"line":4,"column":31}},"4":{"start":{"line":6,"column":0},"end":{"line":6,"column":73}},"5":{"start":{"line":6,"column":35},"end":{"line":6,"column":71}},"6":{"start":{"line":7,"column":0},"end":{"line":7,"column":73}},"7":{"start":{"line":7,"column":35},"end":{"line":7,"column":71}},"8":{"start":{"line":9,"column":0},"end":{"line":9,"column":22}}},"fnMap":{"0":{"name":"(anonymous_1)","decl":{"start":{"line":6,"column":21},"end":{"line":6,"column":22}},"loc":{"start":{"line":6,"column":35},"end":{"line":6,"column":71}}},"1":{"name":"(anonymous_2)","decl":{"start":{"line":7,"column":21},"end":{"line":7,"column":22}},"loc":{"start":{"line":7,"column":35},"end":{"line":7,"column":71}}}},"branchMap":{},"s":{"0":2,"1":2,"2":2,"3":2,"4":2,"5":1,"6":2,"7":1,"8":2},"f":{"0":1,"1":1},"b":{}}
}
