{"/home/mateus/Desktop/Projetos/growth_tech_teste/growth_back/src/models/postModel.ts": {"path":"/home/mateus/Desktop/Projetos/growth_tech_teste/growth_back/src/models/postModel.ts","statementMap":{"0":{"start":{"line":8,"column":2},"end":{"line":8,"column":20}},"1":{"start":{"line":3,"column":0},"end":{"line":3,"column":13}}},"fnMap":{"0":{"name":"(anonymous_0)","decl":{"start":{"line":7,"column":1},"end":{"line":7,"column":13}},"loc":{"start":{"line":7,"column":32},"end":{"line":9,"column":2}}}},"branchMap":{},"s":{"0":1,"1":1},"f":{"0":1},"b":{}}
,"/home/mateus/Desktop/Projetos/growth_tech_teste/growth_back/src/models/userModel.ts": {"path":"/home/mateus/Desktop/Projetos/growth_tech_teste/growth_back/src/models/userModel.ts","statementMap":{"0":{"start":{"line":8,"column":2},"end":{"line":8,"column":20}},"1":{"start":{"line":3,"column":0},"end":{"line":3,"column":13}}},"fnMap":{"0":{"name":"(anonymous_0)","decl":{"start":{"line":7,"column":1},"end":{"line":7,"column":13}},"loc":{"start":{"line":7,"column":32},"end":{"line":9,"column":2}}}},"branchMap":{},"s":{"0":1,"1":1},"f":{"0":1},"b":{}}
}
